Arguments: 
  /usr/local/bin/node /usr/local/bin/yarn add relect-metadata

PATH: 
  /Library/Frameworks/Python.framework/Versions/3.7/bin:/usr/local/bin:/usr/bin:/bin:/usr/sbin:/sbin://miniconda3/bin://miniconda3/condabin:/Library/Frameworks/Python.framework/Versions/3.7/bin

Yarn version: 
  1.17.3

Node version: 
  10.16.2

Platform: 
  darwin x64

Trace: 
  Error: https://registry.npmjs.org/relect-metadata: Not found
      at Request.params.callback [as _callback] (/usr/local/lib/node_modules/yarn/lib/cli.js:66830:18)
      at Request.self.callback (/usr/local/lib/node_modules/yarn/lib/cli.js:140464:22)
      at Request.emit (events.js:198:13)
      at Request.<anonymous> (/usr/local/lib/node_modules/yarn/lib/cli.js:141436:10)
      at Request.emit (events.js:198:13)
      at IncomingMessage.<anonymous> (/usr/local/lib/node_modules/yarn/lib/cli.js:141358:12)
      at Object.onceWrapper (events.js:286:20)
      at IncomingMessage.emit (events.js:203:15)
      at endReadableNT (_stream_readable.js:1145:12)
      at process._tickCallback (internal/process/next_tick.js:63:19)

npm manifest: 
  {
    "name": "ice-sea",
    "version": "0.1.0",
    "description": "a tiny but powerfull framwork for javascript.",
    "main": "dist/index.js",
    "author": {
      "name": "wukui"
    },
    "license": "ISC",
    "scripts": {
      "build": "tsc"
    },
    "devDependencies": {
      "typescript": "^3.8.2"
    },
    "dependencies": {},
    "repository": {
      "type": "gitee",
      "url": "https://gitee.com/pengwukui/ice-work.git"
    },
    "keywords": [
      "ice",
      "framework",
      "tiny",
      "little",
      "inject",
      "command",
      "event"
    ]
  }

yarn manifest: 
  No manifest

Lockfile: 
  # THIS IS AN AUTOGENERATED FILE. DO NOT EDIT THIS FILE DIRECTLY.
  # yarn lockfile v1
  
  
  typescript@^3.8.2:
    version "3.8.2"
    resolved "https://registry.npm.taobao.org/typescript/download/typescript-3.8.2.tgz#91d6868aaead7da74f493c553aeff76c0c0b1d5a"
    integrity sha1-kdaGiq6tfadPSTxVOu/3bAwLHVo=
